<?xml version="1.0" encoding="UTF-8"?>
<testng-results ignored="0" total="5" passed="5" failed="0" skipped="0">
  <reporter-output>
  </reporter-output>
  <suite started-at="2018-09-06T22:55:40Z" name="Suite" finished-at="2018-09-06T22:55:55Z" duration-ms="14765">
    <groups>
    </groups>
    <test started-at="2018-09-06T22:55:40Z" name="Test" finished-at="2018-09-06T22:55:55Z" duration-ms="14765">
      <class name="com.businessComponent.ShoppingBol">
        <test-method is-config="true" signature="Initialization(java.lang.String, java.lang.String)[pri:0, instance:com.businessComponent.ShoppingBol@68567e20]" started-at="2018-09-06T22:55:40Z" name="Initialization" finished-at="2018-09-06T22:55:44Z" duration-ms="3803" status="PASS">
          <params>
            <param index="0">
              <value>
                <![CDATA[C:\\Users\\sanke\\Documents]]>
              </value>
            </param>
            <param index="1">
              <value>
                <![CDATA[chrome]]>
              </value>
            </param>
          </params>
          <reporter-output>
          </reporter-output>
        </test-method> <!-- Initialization -->
        <test-method signature="Login(java.lang.String, java.lang.String, java.lang.String)[pri:1, instance:com.businessComponent.ShoppingBol@68567e20]" started-at="2018-09-06T22:55:44Z" name="Login" finished-at="2018-09-06T22:55:46Z" duration-ms="2563" status="PASS">
          <params>
            <param index="0">
              <value>
                <![CDATA[https://www.bol.com]]>
              </value>
            </param>
            <param index="1">
              <value>
                <![CDATA[kawarkanchan@yahoo.com]]>
              </value>
            </param>
            <param index="2">
              <value>
                <![CDATA[Sanket1986!]]>
              </value>
            </param>
          </params>
          <reporter-output>
          </reporter-output>
        </test-method> <!-- Login -->
        <test-method signature="EmptytheCart()[pri:2, instance:com.businessComponent.ShoppingBol@68567e20]" started-at="2018-09-06T22:55:46Z" name="EmptytheCart" finished-at="2018-09-06T22:55:47Z" depends-on-methods="com.businessComponent.ShoppingBol.Login" duration-ms="1191" status="PASS">
          <reporter-output>
          </reporter-output>
        </test-method> <!-- EmptytheCart -->
        <test-method signature="SearchProduct(java.lang.String)[pri:3, instance:com.businessComponent.ShoppingBol@68567e20]" started-at="2018-09-06T22:55:47Z" name="SearchProduct" finished-at="2018-09-06T22:55:50Z" duration-ms="2822" status="PASS">
          <params>
            <param index="0">
              <value>
                <![CDATA[Google Chromecast - Media Streamer]]>
              </value>
            </param>
          </params>
          <reporter-output>
          </reporter-output>
        </test-method> <!-- SearchProduct -->
        <test-method signature="AddtoCart()[pri:4, instance:com.businessComponent.ShoppingBol@68567e20]" started-at="2018-09-06T22:55:50Z" name="AddtoCart" finished-at="2018-09-06T22:55:51Z" duration-ms="1220" status="PASS">
          <reporter-output>
          </reporter-output>
        </test-method> <!-- AddtoCart -->
        <test-method signature="CheckPrice()[pri:4, instance:com.businessComponent.ShoppingBol@68567e20]" started-at="2018-09-06T22:55:51Z" name="CheckPrice" finished-at="2018-09-06T22:55:52Z" duration-ms="1072" status="PASS">
          <reporter-output>
          </reporter-output>
        </test-method> <!-- CheckPrice -->
        <test-method is-config="true" signature="Quit()[pri:0, instance:com.businessComponent.ShoppingBol@68567e20]" started-at="2018-09-06T22:55:52Z" name="Quit" finished-at="2018-09-06T22:55:55Z" duration-ms="2082" status="PASS">
          <reporter-output>
          </reporter-output>
        </test-method> <!-- Quit -->
      </class> <!-- com.businessComponent.ShoppingBol -->
    </test> <!-- Test -->
  </suite> <!-- Suite -->
</testng-results>
