<?xml version="1.0" encoding="UTF-8"?>
<!-- Generated by org.testng.reporters.JUnitXMLReporter -->
<testsuite ignored="0" hostname="DESKTOP-K20R6LF" failures="0" tests="5" name="Test" time="14.765" errors="0" timestamp="06 Sep 2018 22:55:55 GMT">
  <testcase classname="com.businessComponent.ShoppingBol" name="Login" time="2.563"/>
  <testcase classname="com.businessComponent.ShoppingBol" name="EmptytheCart" time="1.191"/>
  <testcase classname="com.businessComponent.ShoppingBol" name="SearchProduct" time="2.822"/>
  <testcase classname="com.businessComponent.ShoppingBol" name="AddtoCart" time="1.22"/>
  <testcase classname="com.businessComponent.ShoppingBol" name="CheckPrice" time="1.072"/>
</testsuite> <!-- Test -->
